<?xml version="1.0" encoding="UTF-8"?>
<testng-results ignored="0" total="1" passed="1" failed="0" skipped="0">
  <reporter-output>
  </reporter-output>
  <suite started-at="2021-01-11T20:08:54 IST" name="Goibibo" finished-at="2021-01-11T20:13:56 IST" duration-ms="301594">
    <groups>
    </groups>
    <test started-at="2021-01-11T20:08:54 IST" name="Regression" finished-at="2021-01-11T20:13:56 IST" duration-ms="301594">
      <class name="com.goibibo.testscripts.Scenario1_SearchHotel">
        <test-method is-config="true" signature="LaunchApp(java.lang.String)[pri:0, instance:com.goibibo.testscripts.Scenario1_SearchHotel@f6efaab]" started-at="2021-01-11T20:08:54 IST" name="LaunchApp" finished-at="2021-01-11T20:09:07 IST" duration-ms="13009" status="PASS">
          <params>
            <param index="0">
              <value>
                <![CDATA[chrome]]>
              </value>
            </param>
          </params>
          <reporter-output>
          </reporter-output>
        </test-method> <!-- LaunchApp -->
        <test-method signature="TC_01_SearchHotel()[pri:0, instance:com.goibibo.testscripts.Scenario1_SearchHotel@f6efaab]" started-at="2021-01-11T20:09:07 IST" name="TC_01_SearchHotel" finished-at="2021-01-11T20:13:56 IST" duration-ms="288555" status="PASS">
          <reporter-output>
          </reporter-output>
        </test-method> <!-- TC_01_SearchHotel -->
      </class> <!-- com.goibibo.testscripts.Scenario1_SearchHotel -->
    </test> <!-- Regression -->
  </suite> <!-- Goibibo -->
</testng-results>
