<?xml version="1.0" encoding="UTF-8"?>
<!-- Generated by org.testng.reporters.JUnitReportReporter -->
<testsuite hostname="DESKTOP-KPN14N9" failures="0" tests="1" name="com.goibibo.testscripts.Scenario4_ApplyFilters" time="14.207" errors="0" timestamp="2020-08-02T01:22:17 IST" skipped="0">
  <testcase classname="com.goibibo.testscripts.Scenario4_ApplyFilters" name="TC_04_ApplyFilters" time="14.207"/>
  <system-out>
4+ Upto ₹2000  </system-out>
</testsuite> <!-- com.goibibo.testscripts.Scenario4_ApplyFilters -->
